2024/10/30 16:27:52 [notice] 1#1: using the "epoll" event method
2024/10/30 16:27:52 [notice] 1#1: nginx/1.27.1
2024/10/30 16:27:52 [notice] 1#1: built by gcc 13.2.1 20240309 (Alpine 13.2.1_git20240309) 
2024/10/30 16:27:52 [notice] 1#1: OS: Linux 5.10.16.3-microsoft-standard-WSL2
2024/10/30 16:27:52 [notice] 1#1: getrlimit(RLIMIT_NOFILE): 1048576:1048576
2024/10/30 16:27:52 [notice] 1#1: start worker processes
2024/10/30 16:27:52 [notice] 1#1: start worker process 20
2024/10/30 16:27:52 [notice] 1#1: start worker process 21
2024/10/30 16:27:52 [notice] 1#1: start worker process 22
2024/10/30 16:27:52 [notice] 1#1: start worker process 23
2024/10/30 16:27:52 [notice] 1#1: start worker process 24
2024/10/30 16:27:52 [notice] 1#1: start worker process 25
2024/10/30 16:27:52 [notice] 1#1: start worker process 26
2024/10/30 16:27:52 [notice] 1#1: start worker process 27
2024/10/30 16:27:54 [error] 21#21: *1 FastCGI sent in stderr: "Primary script unknown" while reading response header from upstream, client: 172.28.0.1, server: localhost, request: "GET /admin/login HTTP/1.1", upstream: "fastcgi://172.28.0.3:9000", host: "localhost:8888"
2024/10/30 16:28:03 [error] 21#21: *1 FastCGI sent in stderr: "Primary script unknown" while reading response header from upstream, client: 172.28.0.1, server: localhost, request: "GET /home.html HTTP/1.1", upstream: "fastcgi://172.28.0.3:9000", host: "localhost:8888"
2024/10/30 16:28:03 [error] 21#21: *1 FastCGI sent in stderr: "Primary script unknown" while reading response header from upstream, client: 172.28.0.1, server: localhost, request: "GET /home.html HTTP/1.1", upstream: "fastcgi://172.28.0.3:9000", host: "localhost:8888"
2024/10/30 16:29:37 [error] 22#22: *6 FastCGI sent in stderr: "Primary script unknown" while reading response header from upstream, client: 172.28.0.1, server: localhost, request: "GET /home.html HTTP/1.1", upstream: "fastcgi://172.28.0.3:9000", host: "localhost:8888"
2024/10/30 16:29:39 [error] 22#22: *6 FastCGI sent in stderr: "Primary script unknown" while reading response header from upstream, client: 172.28.0.1, server: localhost, request: "GET /home.html HTTP/1.1", upstream: "fastcgi://172.28.0.3:9000", host: "localhost:8888"
2024/10/30 16:30:18 [notice] 1#1: signal 3 (SIGQUIT) received, shutting down
2024/10/30 16:30:18 [notice] 20#20: gracefully shutting down
2024/10/30 16:30:18 [notice] 21#21: gracefully shutting down
2024/10/30 16:30:18 [notice] 22#22: gracefully shutting down
2024/10/30 16:30:18 [notice] 24#24: gracefully shutting down
2024/10/30 16:30:18 [notice] 25#25: gracefully shutting down
2024/10/30 16:30:18 [notice] 27#27: gracefully shutting down
2024/10/30 16:30:18 [notice] 23#23: gracefully shutting down
2024/10/30 16:30:18 [notice] 26#26: gracefully shutting down
2024/10/30 16:30:18 [notice] 20#20: exiting
2024/10/30 16:30:18 [notice] 21#21: exiting
2024/10/30 16:30:18 [notice] 20#20: exit
2024/10/30 16:30:18 [notice] 22#22: exiting
2024/10/30 16:30:18 [notice] 24#24: exiting
2024/10/30 16:30:18 [notice] 25#25: exiting
2024/10/30 16:30:18 [notice] 27#27: exiting
2024/10/30 16:30:18 [notice] 26#26: exiting
2024/10/30 16:30:18 [notice] 21#21: exit
2024/10/30 16:30:18 [notice] 22#22: exit
2024/10/30 16:30:18 [notice] 24#24: exit
2024/10/30 16:30:18 [notice] 25#25: exit
2024/10/30 16:30:18 [notice] 27#27: exit
2024/10/30 16:30:18 [notice] 26#26: exit
2024/10/30 16:30:18 [notice] 1#1: signal 17 (SIGCHLD) received from 24
2024/10/30 16:30:18 [notice] 1#1: worker process 20 exited with code 0
2024/10/30 16:30:18 [notice] 1#1: worker process 21 exited with code 0
2024/10/30 16:30:18 [notice] 1#1: worker process 22 exited with code 0
2024/10/30 16:30:18 [notice] 1#1: worker process 24 exited with code 0
2024/10/30 16:30:18 [notice] 1#1: worker process 25 exited with code 0
2024/10/30 16:30:18 [notice] 1#1: worker process 26 exited with code 0
2024/10/30 16:30:18 [notice] 1#1: worker process 27 exited with code 0
2024/10/30 16:30:18 [notice] 1#1: signal 29 (SIGIO) received
2024/10/30 16:30:18 [notice] 1#1: signal 17 (SIGCHLD) received from 25
2024/10/30 16:30:43 [notice] 1#1: using the "epoll" event method
2024/10/30 16:30:43 [notice] 1#1: nginx/1.27.1
2024/10/30 16:30:43 [notice] 1#1: built by gcc 13.2.1 20240309 (Alpine 13.2.1_git20240309) 
2024/10/30 16:30:43 [notice] 1#1: OS: Linux 5.10.16.3-microsoft-standard-WSL2
2024/10/30 16:30:43 [notice] 1#1: getrlimit(RLIMIT_NOFILE): 1048576:1048576
2024/10/30 16:30:43 [notice] 1#1: start worker processes
2024/10/30 16:30:43 [notice] 1#1: start worker process 20
2024/10/30 16:30:43 [notice] 1#1: start worker process 21
2024/10/30 16:30:43 [notice] 1#1: start worker process 22
2024/10/30 16:30:43 [notice] 1#1: start worker process 23
2024/10/30 16:30:43 [notice] 1#1: start worker process 24
2024/10/30 16:30:43 [notice] 1#1: start worker process 25
2024/10/30 16:30:43 [notice] 1#1: start worker process 26
2024/10/30 16:30:43 [notice] 1#1: start worker process 27
2024/10/30 16:30:46 [error] 20#20: *1 FastCGI sent in stderr: "Primary script unknown" while reading response header from upstream, client: 172.29.0.1, server: localhost, request: "GET /home.html HTTP/1.1", upstream: "fastcgi://172.29.0.2:9000", host: "localhost:8888"
2024/10/30 16:30:48 [error] 20#20: *1 FastCGI sent in stderr: "Primary script unknown" while reading response header from upstream, client: 172.29.0.1, server: localhost, request: "GET /home.html HTTP/1.1", upstream: "fastcgi://172.29.0.2:9000", host: "localhost:8888"
2024/10/30 16:31:50 [notice] 1#1: signal 3 (SIGQUIT) received, shutting down
2024/10/30 16:31:50 [notice] 20#20: gracefully shutting down
2024/10/30 16:31:50 [notice] 21#21: gracefully shutting down
2024/10/30 16:31:50 [notice] 22#22: gracefully shutting down
2024/10/30 16:31:50 [notice] 23#23: gracefully shutting down
2024/10/30 16:31:50 [notice] 24#24: gracefully shutting down
2024/10/30 16:31:50 [notice] 26#26: gracefully shutting down
2024/10/30 16:31:50 [notice] 27#27: gracefully shutting down
2024/10/30 16:31:50 [notice] 25#25: gracefully shutting down
2024/10/30 16:31:50 [notice] 20#20: exiting
2024/10/30 16:31:50 [notice] 21#21: exiting
2024/10/30 16:31:50 [notice] 22#22: exiting
2024/10/30 16:31:50 [notice] 23#23: exiting
2024/10/30 16:31:50 [notice] 24#24: exiting
2024/10/30 16:31:50 [notice] 26#26: exiting
2024/10/30 16:31:50 [notice] 27#27: exiting
2024/10/30 16:31:50 [notice] 25#25: exiting
2024/10/30 16:31:50 [notice] 20#20: exit
2024/10/30 16:31:50 [notice] 21#21: exit
2024/10/30 16:31:50 [notice] 22#22: exit
2024/10/30 16:31:50 [notice] 23#23: exit
2024/10/30 16:31:50 [notice] 24#24: exit
2024/10/30 16:31:50 [notice] 26#26: exit
2024/10/30 16:31:50 [notice] 27#27: exit
2024/10/30 16:31:50 [notice] 25#25: exit
2024/10/30 16:31:50 [notice] 1#1: signal 17 (SIGCHLD) received from 21
2024/10/30 16:31:50 [notice] 1#1: worker process 21 exited with code 0
2024/10/30 16:31:50 [notice] 1#1: signal 29 (SIGIO) received
2024/10/30 16:31:50 [notice] 1#1: signal 17 (SIGCHLD) received from 25
2024/10/30 16:31:50 [notice] 1#1: worker process 25 exited with code 0
2024/10/30 16:31:50 [notice] 1#1: signal 29 (SIGIO) received
2024/10/30 16:31:50 [notice] 1#1: signal 17 (SIGCHLD) received from 24
2024/10/30 16:31:50 [notice] 1#1: worker process 22 exited with code 0
2024/10/30 16:31:50 [notice] 1#1: worker process 24 exited with code 0
2024/10/30 16:31:50 [notice] 1#1: worker process 26 exited with code 0
2024/10/30 16:31:50 [notice] 1#1: signal 29 (SIGIO) received
2024/10/30 16:31:50 [notice] 1#1: signal 17 (SIGCHLD) received from 23
2024/10/30 16:31:50 [notice] 1#1: worker process 23 exited with code 0
2024/10/30 16:31:50 [notice] 1#1: worker process 27 exited with code 0
2024/10/30 16:31:50 [notice] 1#1: signal 29 (SIGIO) received
2024/10/30 16:31:50 [notice] 1#1: signal 17 (SIGCHLD) received from 20
2024/10/30 16:31:50 [notice] 1#1: worker process 20 exited with code 0
2024/10/30 16:31:50 [notice] 1#1: exit
2024/10/30 16:32:07 [notice] 1#1: using the "epoll" event method
2024/10/30 16:32:07 [notice] 1#1: nginx/1.27.1
2024/10/30 16:32:07 [notice] 1#1: built by gcc 13.2.1 20240309 (Alpine 13.2.1_git20240309) 
2024/10/30 16:32:07 [notice] 1#1: OS: Linux 5.10.16.3-microsoft-standard-WSL2
2024/10/30 16:32:07 [notice] 1#1: getrlimit(RLIMIT_NOFILE): 1048576:1048576
2024/10/30 16:32:07 [notice] 1#1: start worker processes
2024/10/30 16:32:07 [notice] 1#1: start worker process 20
2024/10/30 16:32:07 [notice] 1#1: start worker process 21
2024/10/30 16:32:07 [notice] 1#1: start worker process 22
2024/10/30 16:32:07 [notice] 1#1: start worker process 23
2024/10/30 16:32:07 [notice] 1#1: start worker process 24
2024/10/30 16:32:07 [notice] 1#1: start worker process 25
2024/10/30 16:32:07 [notice] 1#1: start worker process 26
2024/10/30 16:32:07 [notice] 1#1: start worker process 27
2024/10/30 16:32:08 [error] 20#20: *1 FastCGI sent in stderr: "Primary script unknown" while reading response header from upstream, client: 172.30.0.1, server: localhost, request: "GET /home.html HTTP/1.1", upstream: "fastcgi://172.30.0.3:9000", host: "localhost:8888"
2024/10/30 16:32:54 [notice] 1#1: signal 3 (SIGQUIT) received, shutting down
2024/10/30 16:32:54 [notice] 20#20: gracefully shutting down
2024/10/30 16:32:54 [notice] 22#22: gracefully shutting down
2024/10/30 16:32:54 [notice] 23#23: gracefully shutting down
2024/10/30 16:32:54 [notice] 21#21: gracefully shutting down
2024/10/30 16:32:54 [notice] 24#24: gracefully shutting down
2024/10/30 16:32:54 [notice] 25#25: gracefully shutting down
2024/10/30 16:32:54 [notice] 26#26: gracefully shutting down
2024/10/30 16:32:54 [notice] 27#27: gracefully shutting down
2024/10/30 16:32:54 [notice] 20#20: exiting
2024/10/30 16:32:54 [notice] 22#22: exiting
2024/10/30 16:32:54 [notice] 23#23: exiting
2024/10/30 16:32:54 [notice] 21#21: exiting
2024/10/30 16:32:54 [notice] 24#24: exiting
2024/10/30 16:32:54 [notice] 25#25: exiting
2024/10/30 16:32:54 [notice] 26#26: exiting
2024/10/30 16:32:54 [notice] 27#27: exiting
2024/10/30 16:32:54 [notice] 23#23: exit
2024/10/30 16:32:54 [notice] 22#22: exit
2024/10/30 16:32:54 [notice] 21#21: exit
2024/10/30 16:32:54 [notice] 24#24: exit
2024/10/30 16:32:54 [notice] 20#20: exit
2024/10/30 16:32:54 [notice] 25#25: exit
2024/10/30 16:32:54 [notice] 26#26: exit
2024/10/30 16:32:54 [notice] 27#27: exit
2024/10/30 16:32:54 [notice] 1#1: signal 17 (SIGCHLD) received from 22
2024/10/30 16:32:54 [notice] 1#1: worker process 22 exited with code 0
2024/10/30 16:32:54 [notice] 1#1: signal 29 (SIGIO) received
2024/10/30 16:32:54 [notice] 1#1: signal 17 (SIGCHLD) received from 23
2024/10/30 16:32:54 [notice] 1#1: worker process 21 exited with code 0
2024/10/30 16:32:54 [notice] 1#1: worker process 23 exited with code 0
2024/10/30 16:32:54 [notice] 1#1: worker process 24 exited with code 0
2024/10/30 16:32:54 [notice] 1#1: worker process 26 exited with code 0
2024/10/30 16:32:54 [notice] 1#1: signal 29 (SIGIO) received
2024/10/30 16:32:54 [notice] 1#1: signal 17 (SIGCHLD) received from 27
2024/10/30 16:32:54 [notice] 1#1: worker process 25 exited with code 0
2024/10/30 16:32:54 [notice] 1#1: worker process 27 exited with code 0
2024/10/30 16:32:54 [notice] 1#1: signal 29 (SIGIO) received
2024/10/30 16:32:54 [notice] 1#1: signal 17 (SIGCHLD) received from 20
2024/10/30 16:32:54 [notice] 1#1: worker process 20 exited with code 0
2024/10/30 16:32:54 [notice] 1#1: exit
2024/10/30 16:33:11 [notice] 1#1: using the "epoll" event method
2024/10/30 16:33:11 [notice] 1#1: nginx/1.27.1
2024/10/30 16:33:11 [notice] 1#1: built by gcc 13.2.1 20240309 (Alpine 13.2.1_git20240309) 
2024/10/30 16:33:11 [notice] 1#1: OS: Linux 5.10.16.3-microsoft-standard-WSL2
2024/10/30 16:33:11 [notice] 1#1: getrlimit(RLIMIT_NOFILE): 1048576:1048576
2024/10/30 16:33:11 [notice] 1#1: start worker processes
2024/10/30 16:33:11 [notice] 1#1: start worker process 20
2024/10/30 16:33:11 [notice] 1#1: start worker process 21
2024/10/30 16:33:11 [notice] 1#1: start worker process 22
2024/10/30 16:33:11 [notice] 1#1: start worker process 23
2024/10/30 16:33:11 [notice] 1#1: start worker process 24
2024/10/30 16:33:11 [notice] 1#1: start worker process 25
2024/10/30 16:33:11 [notice] 1#1: start worker process 26
2024/10/30 16:33:11 [notice] 1#1: start worker process 27
2024/10/30 16:33:12 [error] 20#20: *1 FastCGI sent in stderr: "Primary script unknown" while reading response header from upstream, client: 172.31.0.1, server: localhost, request: "GET /home.html HTTP/1.1", upstream: "fastcgi://172.31.0.3:9000", host: "localhost:8888"
2024/10/30 16:34:24 [notice] 1#1: signal 3 (SIGQUIT) received, shutting down
2024/10/30 16:34:24 [notice] 20#20: gracefully shutting down
2024/10/30 16:34:24 [notice] 21#21: gracefully shutting down
2024/10/30 16:34:24 [notice] 25#25: gracefully shutting down
2024/10/30 16:34:24 [notice] 24#24: gracefully shutting down
2024/10/30 16:34:24 [notice] 27#27: gracefully shutting down
2024/10/30 16:34:24 [notice] 26#26: gracefully shutting down
2024/10/30 16:34:24 [notice] 22#22: gracefully shutting down
2024/10/30 16:34:24 [notice] 23#23: gracefully shutting down
2024/10/30 16:34:24 [notice] 20#20: exiting
2024/10/30 16:34:24 [notice] 21#21: exiting
2024/10/30 16:34:24 [notice] 25#25: exiting
2024/10/30 16:34:24 [notice] 24#24: exiting
2024/10/30 16:34:24 [notice] 27#27: exiting
2024/10/30 16:34:24 [notice] 26#26: exiting
2024/10/30 16:34:24 [notice] 22#22: exiting
2024/10/30 16:34:24 [notice] 23#23: exiting
2024/10/30 16:34:24 [notice] 20#20: exit
2024/10/30 16:34:24 [notice] 21#21: exit
2024/10/30 16:34:24 [notice] 25#25: exit
2024/10/30 16:34:24 [notice] 24#24: exit
2024/10/30 16:34:24 [notice] 27#27: exit
2024/10/30 16:34:24 [notice] 26#26: exit
2024/10/30 16:34:24 [notice] 22#22: exit
2024/10/30 16:34:24 [notice] 23#23: exit
2024/10/30 16:34:24 [notice] 1#1: signal 17 (SIGCHLD) received from 20
2024/10/30 16:34:24 [notice] 1#1: worker process 20 exited with code 0
2024/10/30 16:34:24 [notice] 1#1: worker process 23 exited with code 0
2024/10/30 16:34:24 [notice] 1#1: worker process 25 exited with code 0
2024/10/30 16:34:24 [notice] 1#1: signal 29 (SIGIO) received
2024/10/30 16:34:24 [notice] 1#1: signal 17 (SIGCHLD) received from 21
2024/10/30 16:34:24 [notice] 1#1: worker process 21 exited with code 0
2024/10/30 16:34:24 [notice] 1#1: worker process 24 exited with code 0
2024/10/30 16:34:24 [notice] 1#1: worker process 26 exited with code 0
2024/10/30 16:34:24 [notice] 1#1: worker process 27 exited with code 0
2024/10/30 16:34:24 [notice] 1#1: signal 29 (SIGIO) received
2024/10/30 16:34:24 [notice] 1#1: signal 17 (SIGCHLD) received from 26
2024/10/30 16:34:24 [notice] 1#1: signal 17 (SIGCHLD) received from 22
2024/10/30 16:34:24 [notice] 1#1: worker process 22 exited with code 0
2024/10/30 16:34:24 [notice] 1#1: exit
2024/10/30 16:34:52 [notice] 1#1: using the "epoll" event method
2024/10/30 16:34:52 [notice] 1#1: nginx/1.27.1
2024/10/30 16:34:52 [notice] 1#1: built by gcc 13.2.1 20240309 (Alpine 13.2.1_git20240309) 
2024/10/30 16:34:52 [notice] 1#1: OS: Linux 5.10.16.3-microsoft-standard-WSL2
2024/10/30 16:34:52 [notice] 1#1: getrlimit(RLIMIT_NOFILE): 1048576:1048576
2024/10/30 16:34:52 [notice] 1#1: start worker processes
2024/10/30 16:34:52 [notice] 1#1: start worker process 20
2024/10/30 16:34:52 [notice] 1#1: start worker process 21
2024/10/30 16:34:52 [notice] 1#1: start worker process 22
2024/10/30 16:34:52 [notice] 1#1: start worker process 23
2024/10/30 16:34:52 [notice] 1#1: start worker process 24
2024/10/30 16:34:52 [notice] 1#1: start worker process 25
2024/10/30 16:34:52 [notice] 1#1: start worker process 26
2024/10/30 16:34:52 [notice] 1#1: start worker process 27
2024/10/30 16:35:20 [notice] 1#1: signal 3 (SIGQUIT) received, shutting down
2024/10/30 16:35:20 [notice] 21#21: gracefully shutting down
2024/10/30 16:35:20 [notice] 22#22: gracefully shutting down
2024/10/30 16:35:20 [notice] 20#20: gracefully shutting down
2024/10/30 16:35:20 [notice] 23#23: gracefully shutting down
2024/10/30 16:35:20 [notice] 24#24: gracefully shutting down
2024/10/30 16:35:20 [notice] 25#25: gracefully shutting down
2024/10/30 16:35:20 [notice] 26#26: gracefully shutting down
2024/10/30 16:35:20 [notice] 27#27: gracefully shutting down
2024/10/30 16:35:20 [notice] 21#21: exiting
2024/10/30 16:35:20 [notice] 22#22: exiting
2024/10/30 16:35:20 [notice] 20#20: exiting
2024/10/30 16:35:20 [notice] 23#23: exiting
2024/10/30 16:35:20 [notice] 24#24: exiting
2024/10/30 16:35:20 [notice] 25#25: exiting
2024/10/30 16:35:20 [notice] 20#20: exit
2024/10/30 16:35:20 [notice] 26#26: exiting
2024/10/30 16:35:20 [notice] 27#27: exiting
2024/10/30 16:35:20 [notice] 23#23: exit
2024/10/30 16:35:20 [notice] 21#21: exit
2024/10/30 16:35:20 [notice] 24#24: exit
2024/10/30 16:35:20 [notice] 22#22: exit
2024/10/30 16:35:20 [notice] 25#25: exit
2024/10/30 16:35:20 [notice] 26#26: exit
2024/10/30 16:35:20 [notice] 27#27: exit
2024/10/30 16:35:20 [notice] 1#1: signal 17 (SIGCHLD) received from 25
2024/10/30 16:35:20 [notice] 1#1: worker process 20 exited with code 0
2024/10/30 16:35:20 [notice] 1#1: worker process 21 exited with code 0
2024/10/30 16:35:20 [notice] 1#1: worker process 22 exited with code 0
2024/10/30 16:35:20 [notice] 1#1: worker process 23 exited with code 0
2024/10/30 16:35:20 [notice] 1#1: worker process 24 exited with code 0
2024/10/30 16:35:20 [notice] 1#1: worker process 25 exited with code 0
2024/10/30 16:35:20 [notice] 1#1: worker process 26 exited with code 0
2024/10/30 16:35:20 [notice] 1#1: signal 29 (SIGIO) received
2024/10/30 16:35:20 [notice] 1#1: signal 17 (SIGCHLD) received from 27
2024/10/30 16:35:20 [notice] 1#1: worker process 27 exited with code 0
2024/10/30 16:35:20 [notice] 1#1: exit
2024/10/30 16:43:23 [notice] 1#1: using the "epoll" event method
2024/10/30 16:43:23 [notice] 1#1: nginx/1.27.1
2024/10/30 16:43:23 [notice] 1#1: built by gcc 13.2.1 20240309 (Alpine 13.2.1_git20240309) 
2024/10/30 16:43:23 [notice] 1#1: OS: Linux 5.10.16.3-microsoft-standard-WSL2
2024/10/30 16:43:23 [notice] 1#1: getrlimit(RLIMIT_NOFILE): 1048576:1048576
2024/10/30 16:43:23 [notice] 1#1: start worker processes
2024/10/30 16:43:23 [notice] 1#1: start worker process 20
2024/10/30 16:43:23 [notice] 1#1: start worker process 21
2024/10/30 16:43:23 [notice] 1#1: start worker process 22
2024/10/30 16:43:23 [notice] 1#1: start worker process 23
2024/10/30 16:43:23 [notice] 1#1: start worker process 24
2024/10/30 16:43:23 [notice] 1#1: start worker process 25
2024/10/30 16:43:23 [notice] 1#1: start worker process 26
2024/10/30 16:43:23 [notice] 1#1: start worker process 27
2024/10/30 16:43:43 [notice] 1#1: signal 3 (SIGQUIT) received, shutting down
2024/10/30 16:43:43 [notice] 21#21: gracefully shutting down
2024/10/30 16:43:43 [notice] 20#20: gracefully shutting down
2024/10/30 16:43:43 [notice] 24#24: gracefully shutting down
2024/10/30 16:43:43 [notice] 22#22: gracefully shutting down
2024/10/30 16:43:43 [notice] 25#25: gracefully shutting down
2024/10/30 16:43:43 [notice] 23#23: gracefully shutting down
2024/10/30 16:43:43 [notice] 26#26: gracefully shutting down
2024/10/30 16:43:43 [notice] 27#27: gracefully shutting down
2024/10/30 16:43:43 [notice] 21#21: exiting
2024/10/30 16:43:43 [notice] 20#20: exiting
2024/10/30 16:43:43 [notice] 24#24: exiting
2024/10/30 16:43:43 [notice] 22#22: exiting
2024/10/30 16:43:43 [notice] 25#25: exiting
2024/10/30 16:43:43 [notice] 23#23: exiting
2024/10/30 16:43:43 [notice] 26#26: exiting
2024/10/30 16:43:43 [notice] 27#27: exiting
2024/10/30 16:43:43 [notice] 21#21: exit
2024/10/30 16:43:43 [notice] 20#20: exit
2024/10/30 16:43:43 [notice] 24#24: exit
2024/10/30 16:43:43 [notice] 22#22: exit
2024/10/30 16:43:43 [notice] 25#25: exit
2024/10/30 16:43:43 [notice] 23#23: exit
2024/10/30 16:43:43 [notice] 26#26: exit
2024/10/30 16:43:43 [notice] 27#27: exit
2024/10/30 16:43:43 [notice] 1#1: signal 17 (SIGCHLD) received from 23
2024/10/30 16:43:43 [notice] 1#1: worker process 21 exited with code 0
2024/10/30 16:43:43 [notice] 1#1: worker process 23 exited with code 0
2024/10/30 16:43:43 [notice] 1#1: signal 29 (SIGIO) received
2024/10/30 16:43:43 [notice] 1#1: signal 17 (SIGCHLD) received from 21
2024/10/30 16:43:43 [notice] 1#1: signal 17 (SIGCHLD) received from 26
2024/10/30 16:43:43 [notice] 1#1: worker process 26 exited with code 0
2024/10/30 16:43:43 [notice] 1#1: worker process 27 exited with code 0
2024/10/30 16:43:43 [notice] 1#1: signal 29 (SIGIO) received
2024/10/30 16:43:43 [notice] 1#1: signal 17 (SIGCHLD) received from 24
2024/10/30 16:43:43 [notice] 1#1: worker process 20 exited with code 0
2024/10/30 16:43:43 [notice] 1#1: worker process 24 exited with code 0
2024/10/30 16:43:43 [notice] 1#1: signal 29 (SIGIO) received
2024/10/30 16:43:43 [notice] 1#1: signal 17 (SIGCHLD) received from 25
2024/10/30 16:43:43 [notice] 1#1: worker process 25 exited with code 0
2024/10/30 16:43:43 [notice] 1#1: signal 29 (SIGIO) received
2024/10/30 16:43:43 [notice] 1#1: signal 17 (SIGCHLD) received from 22
2024/10/30 16:43:43 [notice] 1#1: worker process 22 exited with code 0
2024/10/30 16:43:43 [notice] 1#1: exit
2024/10/30 16:44:17 [notice] 1#1: using the "epoll" event method
2024/10/30 16:44:17 [notice] 1#1: nginx/1.27.1
2024/10/30 16:44:17 [notice] 1#1: built by gcc 13.2.1 20240309 (Alpine 13.2.1_git20240309) 
2024/10/30 16:44:17 [notice] 1#1: OS: Linux 5.10.16.3-microsoft-standard-WSL2
2024/10/30 16:44:17 [notice] 1#1: getrlimit(RLIMIT_NOFILE): 1048576:1048576
2024/10/30 16:44:17 [notice] 1#1: start worker processes
2024/10/30 16:44:17 [notice] 1#1: start worker process 20
2024/10/30 16:44:17 [notice] 1#1: start worker process 21
2024/10/30 16:44:17 [notice] 1#1: start worker process 22
2024/10/30 16:44:17 [notice] 1#1: start worker process 23
2024/10/30 16:44:17 [notice] 1#1: start worker process 24
2024/10/30 16:44:17 [notice] 1#1: start worker process 25
2024/10/30 16:44:17 [notice] 1#1: start worker process 26
2024/10/30 16:44:17 [notice] 1#1: start worker process 27
2024/10/30 16:44:27 [notice] 1#1: signal 3 (SIGQUIT) received, shutting down
2024/10/30 16:44:27 [notice] 21#21: gracefully shutting down
2024/10/30 16:44:27 [notice] 20#20: gracefully shutting down
2024/10/30 16:44:27 [notice] 22#22: gracefully shutting down
2024/10/30 16:44:27 [notice] 25#25: gracefully shutting down
2024/10/30 16:44:27 [notice] 23#23: gracefully shutting down
2024/10/30 16:44:27 [notice] 24#24: gracefully shutting down
2024/10/30 16:44:27 [notice] 24#24: exiting
2024/10/30 16:44:27 [notice] 26#26: gracefully shutting down
2024/10/30 16:44:27 [notice] 27#27: gracefully shutting down
2024/10/30 16:44:27 [notice] 21#21: exiting
2024/10/30 16:44:27 [notice] 20#20: exiting
2024/10/30 16:44:27 [notice] 22#22: exiting
2024/10/30 16:44:27 [notice] 25#25: exiting
2024/10/30 16:44:27 [notice] 23#23: exiting
2024/10/30 16:44:27 [notice] 24#24: exit
2024/10/30 16:44:27 [notice] 26#26: exiting
2024/10/30 16:44:27 [notice] 27#27: exiting
2024/10/30 16:44:27 [notice] 26#26: exit
2024/10/30 16:44:27 [notice] 21#21: exit
2024/10/30 16:44:27 [notice] 20#20: exit
2024/10/30 16:44:27 [notice] 22#22: exit
2024/10/30 16:44:27 [notice] 25#25: exit
2024/10/30 16:44:27 [notice] 23#23: exit
2024/10/30 16:44:27 [notice] 27#27: exit
2024/10/30 16:44:27 [notice] 1#1: signal 17 (SIGCHLD) received from 20
2024/10/30 16:44:27 [notice] 1#1: worker process 20 exited with code 0
2024/10/30 16:44:27 [notice] 1#1: signal 29 (SIGIO) received
2024/10/30 16:44:28 [notice] 1#1: signal 17 (SIGCHLD) received from 21
2024/10/30 16:44:28 [notice] 1#1: worker process 21 exited with code 0
2024/10/30 16:44:28 [notice] 1#1: worker process 22 exited with code 0
2024/10/30 16:44:28 [notice] 1#1: worker process 23 exited with code 0
2024/10/30 16:44:28 [notice] 1#1: worker process 25 exited with code 0
2024/10/30 16:44:28 [notice] 1#1: worker process 26 exited with code 0
2024/10/30 16:44:28 [notice] 1#1: worker process 27 exited with code 0
2024/10/30 16:44:28 [notice] 1#1: signal 29 (SIGIO) received
2024/10/30 16:44:28 [notice] 1#1: signal 17 (SIGCHLD) received from 26
2024/10/30 16:44:28 [notice] 1#1: signal 17 (SIGCHLD) received from 24
2024/10/30 16:44:28 [notice] 1#1: worker process 24 exited with code 0
2024/10/30 16:44:28 [notice] 1#1: exit
2024/10/30 16:45:11 [notice] 1#1: using the "epoll" event method
2024/10/30 16:45:11 [notice] 1#1: nginx/1.27.1
2024/10/30 16:45:11 [notice] 1#1: built by gcc 13.2.1 20240309 (Alpine 13.2.1_git20240309) 
2024/10/30 16:45:11 [notice] 1#1: OS: Linux 5.10.16.3-microsoft-standard-WSL2
2024/10/30 16:45:11 [notice] 1#1: getrlimit(RLIMIT_NOFILE): 1048576:1048576
2024/10/30 16:45:11 [notice] 1#1: start worker processes
2024/10/30 16:45:11 [notice] 1#1: start worker process 20
2024/10/30 16:45:11 [notice] 1#1: start worker process 21
2024/10/30 16:45:11 [notice] 1#1: start worker process 22
2024/10/30 16:45:11 [notice] 1#1: start worker process 23
2024/10/30 16:45:11 [notice] 1#1: start worker process 24
2024/10/30 16:45:11 [notice] 1#1: start worker process 25
2024/10/30 16:45:11 [notice] 1#1: start worker process 26
2024/10/30 16:45:11 [notice] 1#1: start worker process 27
2024/10/30 16:47:44 [notice] 1#1: signal 3 (SIGQUIT) received, shutting down
2024/10/30 16:47:44 [notice] 20#20: gracefully shutting down
2024/10/30 16:47:44 [notice] 21#21: gracefully shutting down
2024/10/30 16:47:44 [notice] 22#22: gracefully shutting down
2024/10/30 16:47:44 [notice] 23#23: gracefully shutting down
2024/10/30 16:47:44 [notice] 25#25: gracefully shutting down
2024/10/30 16:47:44 [notice] 24#24: gracefully shutting down
2024/10/30 16:47:44 [notice] 26#26: gracefully shutting down
2024/10/30 16:47:44 [notice] 27#27: gracefully shutting down
2024/10/30 16:47:44 [notice] 20#20: exiting
2024/10/30 16:47:44 [notice] 21#21: exiting
2024/10/30 16:47:44 [notice] 22#22: exiting
2024/10/30 16:47:44 [notice] 23#23: exiting
2024/10/30 16:47:44 [notice] 25#25: exiting
2024/10/30 16:47:44 [notice] 24#24: exiting
2024/10/30 16:47:44 [notice] 26#26: exiting
2024/10/30 16:47:44 [notice] 27#27: exiting
2024/10/30 16:47:44 [notice] 20#20: exit
2024/10/30 16:47:44 [notice] 21#21: exit
2024/10/30 16:47:44 [notice] 22#22: exit
2024/10/30 16:47:44 [notice] 23#23: exit
2024/10/30 16:47:44 [notice] 25#25: exit
2024/10/30 16:47:44 [notice] 24#24: exit
2024/10/30 16:47:44 [notice] 26#26: exit
2024/10/30 16:47:44 [notice] 27#27: exit
2024/10/30 16:47:44 [notice] 1#1: signal 17 (SIGCHLD) received from 26
2024/10/30 16:47:44 [notice] 1#1: worker process 20 exited with code 0
2024/10/30 16:47:44 [notice] 1#1: worker process 22 exited with code 0
2024/10/30 16:47:44 [notice] 1#1: worker process 26 exited with code 0
2024/10/30 16:47:44 [notice] 1#1: worker process 27 exited with code 0
2024/10/30 16:47:44 [notice] 1#1: signal 29 (SIGIO) received
2024/10/30 16:47:44 [notice] 1#1: signal 17 (SIGCHLD) received from 24
2024/10/30 16:47:44 [notice] 1#1: worker process 24 exited with code 0
2024/10/30 16:47:44 [notice] 1#1: signal 29 (SIGIO) received
2024/10/30 16:47:44 [notice] 1#1: signal 17 (SIGCHLD) received from 25
2024/10/30 16:47:44 [notice] 1#1: worker process 21 exited with code 0
2024/10/30 16:47:44 [notice] 1#1: worker process 25 exited with code 0
2024/10/30 16:47:44 [notice] 1#1: signal 29 (SIGIO) received
2024/10/30 16:47:44 [notice] 1#1: signal 17 (SIGCHLD) received from 23
2024/10/30 16:47:44 [notice] 1#1: worker process 23 exited with code 0
2024/10/30 16:47:44 [notice] 1#1: exit
2024/10/30 17:04:07 [notice] 1#1: using the "epoll" event method
2024/10/30 17:04:07 [notice] 1#1: nginx/1.27.1
2024/10/30 17:04:07 [notice] 1#1: built by gcc 13.2.1 20240309 (Alpine 13.2.1_git20240309) 
2024/10/30 17:04:07 [notice] 1#1: OS: Linux 5.10.16.3-microsoft-standard-WSL2
2024/10/30 17:04:07 [notice] 1#1: getrlimit(RLIMIT_NOFILE): 1048576:1048576
2024/10/30 17:04:07 [notice] 1#1: start worker processes
2024/10/30 17:04:07 [notice] 1#1: start worker process 20
2024/10/30 17:04:07 [notice] 1#1: start worker process 21
2024/10/30 17:04:07 [notice] 1#1: start worker process 22
2024/10/30 17:04:07 [notice] 1#1: start worker process 23
2024/10/30 17:04:07 [notice] 1#1: start worker process 24
2024/10/30 17:04:07 [notice] 1#1: start worker process 25
2024/10/30 17:04:07 [notice] 1#1: start worker process 26
2024/10/30 17:04:07 [notice] 1#1: start worker process 27
